<?xml version="1.0" encoding="UTF-8"?>
<robot generator="Robot 3.2.2 (Python 3.9.0 on win32)" generated="20210903 18:45:36.751" rpa="false">
<suite id="s1" name="TC1 Get All Breeds &amp; TC2 Verify Retriver &amp; TC3 Sub Breeds &amp; TC4 Random Image">
<suite id="s1-s1" name="TC1 Get All Breeds" source="C:\Projects\RobotAPIAutomation\TestCases\TC1_Get_All_Breeds.robot">
<test id="s1-s1-t1" name="TC_001_Get_All_Dog_Breeds">
<kw name="Start the session" library="Resource">
<kw name="Create Session" library="RequestsLibrary">
<doc>Create Session: create a HTTP session to a server</doc>
<arguments>
<arg>myssion</arg>
<arg>${base_url}</arg>
</arguments>
<msg timestamp="20210903 18:45:36.844" level="INFO">Creating Session using : alias=myssion, url=https://dog.ceo/, headers={},                     cookies={}, auth=None, timeout=None, proxies=None, verify=False,                     debug=0 </msg>
<status status="PASS" starttime="20210903 18:45:36.844" endtime="20210903 18:45:36.844"></status>
</kw>
<status status="PASS" starttime="20210903 18:45:36.843" endtime="20210903 18:45:36.845"></status>
</kw>
<kw name="Get On Session" library="RequestsLibrary">
<doc>Sends a GET request on a previously created HTTP Session.</doc>
<arguments>
<arg>myssion</arg>
<arg>${dog-api}</arg>
</arguments>
<assign>
<var>${response}</var>
</assign>
<msg timestamp="20210903 18:45:37.246" level="INFO">GET Request : url=https://dog.ceo/api/breeds/list/all 
 path_url=/api/breeds/list/all 
 headers={'User-Agent': 'python-requests/2.26.0', 'Accept-Encoding': 'gzip, deflate', 'Accept': '*/*', 'Connection': 'keep-alive'} 
 body=None 
 </msg>
<msg timestamp="20210903 18:45:37.247" level="INFO">GET Response : url=https://dog.ceo/api/breeds/list/all 
 status=200, reason=OK 
 headers={'Date': 'Fri, 03 Sep 2021 16:45:37 GMT', 'Content-Type': 'application/json', 'Transfer-Encoding': 'chunked', 'Connection': 'keep-alive', 'x-powered-by': 'PHP/7.3.17', 'access-control-allow-origin': '*', 'via': '1.1 varnish (Varnish/6.3), 1.1 varnish (Varnish/6.3)', 'cache-control': 'max-age=1800', 'x-cache-age': '10428', 'x-cache-hits': '2498', 'x-cache': 'HIT', 'age': '0', 'vary': '', 'CF-Cache-Status': 'DYNAMIC', 'Expect-CT': 'max-age=604800, report-uri="https://report-uri.cloudflare.com/cdn-cgi/beacon/expect-ct"', 'Report-To': '{"endpoints":[{"url":"https:\\/\\/a.nel.cloudflare.com\\/report\\/v3?s=%2BCJaSSG0IMtQW4n5zeqsSnX9tO8F4CUghmV1sNdsfVCv6CkEs6%2FoBFFw6rcIwLnLVUZDkkhw%2BpUbYvMc82pFcuJFPMZQA9fhmq0bKofENQ9U133d%2BEXNDXtD"}],"group":"cf-nel","max_age":604800}', 'NEL': '{"success_fraction":0,"report_to":"cf-nel","max_age":604800}', 'Server': 'cloudflare', 'CF-RAY': '689073114b48f48a-JNB', 'Content-Encoding': 'gzip', 'alt-svc': 'h3-27=":443"; ma=86400, h3-28=":443"; ma=86400, h3-29=":443"; ma=86400, h3=":443"; ma=86400'} 
 body={"message":{"affenpinscher":[],"african":[],"airedale":[],"akita":[],"appenzeller":[],"australian":["shepherd"],"basenji":[],"beagle":[],"bluetick":[],"borzoi":[],"bouvier":[],"boxer":[],"brabancon":[],"briard":[],"buhund":["norwegian"],"bulldog":["boston","english","french"],"bullterrier":["staffordshire"],"cattledog":["australian"],"chihuahua":[],"chow":[],"clumber":[],"cockapoo":[],"collie":["border"],"coonhound":[],"corgi":["cardigan"],"cotondetulear":[],"dachshund":[],"dalmatian":[],"dane":["great"],"deerhound":["scottish"],"dhole":[],"dingo":[],"doberman":[],"elkhound":["norwegian"],"entlebucher":[],"eskimo":[],"finnish":["lapphund"],"frise":["bichon"],"germanshepherd":[],"greyhound":["italian"],"groenendael":[],"havanese":[],"hound":["afghan","basset","blood","english","ibizan","plott","walker"],"husky":[],"keeshond":[],"kelpie":[],"komondor":[],"kuvasz":[],"labradoodle":[],"labrador":[],"leonberg":[],"lhasa":[],"malamute":[],"malinois":[],"maltese":[],"mastiff":["bull","english","tibetan"],"mexicanhairless":[],"mix":[],"mountain":["bernese","swiss"],"newfoundland":[],"otterhound":[],"ovcharka":["caucasian"],"papillon":[],"pekinese":[],"pembroke":[],"pinscher":["miniature"],"pitbull":[],"pointer":["german","germanlonghair"],"pomeranian":[],"poodle":["miniature","standard","toy"],"pug":[],"puggle":[],"pyrenees":[],"redbone":[],"retriever":["chesapeake","curly","flatcoated","golden"],"ridgeback":["rhodesian"],"rottweiler":[],"saluki":[],"samoyed":[],"schipperke":[],"schnauzer":["giant","miniature"],"setter":["english","gordon","irish"],"sheepdog":["english","shetland"],"shiba":[],"shihtzu":[],"spaniel":["blenheim","brittany","cocker","irish","japanese","sussex","welsh"],"springer":["english"],"stbernard":[],"terrier":["american","australian","bedlington","border","cairn","dandie","fox","irish","kerryblue","lakeland","norfolk","norwich","patterdale","russell","scottish","sealyham","silky","tibetan","toy","westhighland","wheaten","yorkshire"],"vizsla":[],"waterdog":["spanish"],"weimaraner":[],"whippet":[],"wolfhound":["irish"]},"status":"success"} 
 </msg>
<msg timestamp="20210903 18:45:37.247" level="INFO">c:\users\user\appdata\local\programs\python\python39\lib\site-packages\urllib3\connectionpool.py:1013: InsecureRequestWarning: Unverified HTTPS request is being made to host 'dog.ceo'. Adding certificate verification is strongly advised. See: https://urllib3.readthedocs.io/en/latest/advanced-usage.html#ssl-warnings
  warnings.warn(</msg>
<msg timestamp="20210903 18:45:37.247" level="INFO">${response} = &lt;Response [200]&gt;</msg>
<status status="PASS" starttime="20210903 18:45:36.845" endtime="20210903 18:45:37.247"></status>
</kw>
<kw name="Log To Console" library="BuiltIn">
<doc>Logs the given message to the console.</doc>
<arguments>
<arg>${response.status_code}</arg>
</arguments>
<status status="PASS" starttime="20210903 18:45:37.248" endtime="20210903 18:45:37.249"></status>
</kw>
<kw name="Log To Console" library="BuiltIn">
<doc>Logs the given message to the console.</doc>
<arguments>
<arg>${response.content}</arg>
</arguments>
<status status="PASS" starttime="20210903 18:45:37.250" endtime="20210903 18:45:37.251"></status>
</kw>
<status status="PASS" starttime="20210903 18:45:36.843" endtime="20210903 18:45:37.252" critical="yes"></status>
</test>
<status status="PASS" starttime="20210903 18:45:36.772" endtime="20210903 18:45:37.255"></status>
</suite>
<suite id="s1-s2" name="TC2 Verify Retriver" source="C:\Projects\RobotAPIAutomation\TestCases\TC2_Verify_Retriver.robot">
<test id="s1-s2-t1" name="TC2_Verify_Retriver">
<kw name="Start the session" library="Resource">
<kw name="Create Session" library="RequestsLibrary">
<doc>Create Session: create a HTTP session to a server</doc>
<arguments>
<arg>myssion</arg>
<arg>${base_url}</arg>
</arguments>
<msg timestamp="20210903 18:45:37.263" level="INFO">Creating Session using : alias=myssion, url=https://dog.ceo/, headers={},                     cookies={}, auth=None, timeout=None, proxies=None, verify=False,                     debug=0 </msg>
<status status="PASS" starttime="20210903 18:45:37.262" endtime="20210903 18:45:37.263"></status>
</kw>
<status status="PASS" starttime="20210903 18:45:37.262" endtime="20210903 18:45:37.263"></status>
</kw>
<kw name="Get On Session" library="RequestsLibrary">
<doc>Sends a GET request on a previously created HTTP Session.</doc>
<arguments>
<arg>myssion</arg>
<arg>${dog-api}</arg>
</arguments>
<assign>
<var>${response}</var>
</assign>
<msg timestamp="20210903 18:45:37.648" level="INFO">GET Request : url=https://dog.ceo/api/breeds/list/all 
 path_url=/api/breeds/list/all 
 headers={'User-Agent': 'python-requests/2.26.0', 'Accept-Encoding': 'gzip, deflate', 'Accept': '*/*', 'Connection': 'keep-alive'} 
 body=None 
 </msg>
<msg timestamp="20210903 18:45:37.648" level="INFO">GET Response : url=https://dog.ceo/api/breeds/list/all 
 status=200, reason=OK 
 headers={'Date': 'Fri, 03 Sep 2021 16:45:37 GMT', 'Content-Type': 'application/json', 'Transfer-Encoding': 'chunked', 'Connection': 'keep-alive', 'x-powered-by': 'PHP/7.3.17', 'access-control-allow-origin': '*', 'via': '1.1 varnish (Varnish/6.3), 1.1 varnish (Varnish/6.3)', 'cache-control': 'max-age=1800', 'x-cache-age': '10429', 'x-cache-hits': '2499', 'x-cache': 'HIT', 'age': '0', 'vary': '', 'CF-Cache-Status': 'DYNAMIC', 'Expect-CT': 'max-age=604800, report-uri="https://report-uri.cloudflare.com/cdn-cgi/beacon/expect-ct"', 'Report-To': '{"endpoints":[{"url":"https:\\/\\/a.nel.cloudflare.com\\/report\\/v3?s=wpLo%2BdysAEKHPxq%2BV%2FsWR1OG4oDjG%2BYDMeFcXT6cc9XPyPm%2FLEjthhTe3mnZzquwmX0c5gW2Z1ywdUVmYJviPr2clpTUM1%2BpLhRFVzL%2Fh%2FBOkSWNbKn%2FmBJq"}],"group":"cf-nel","max_age":604800}', 'NEL': '{"success_fraction":0,"report_to":"cf-nel","max_age":604800}', 'Server': 'cloudflare', 'CF-RAY': '68907313dab3f492-JNB', 'Content-Encoding': 'gzip', 'alt-svc': 'h3-27=":443"; ma=86400, h3-28=":443"; ma=86400, h3-29=":443"; ma=86400, h3=":443"; ma=86400'} 
 body={"message":{"affenpinscher":[],"african":[],"airedale":[],"akita":[],"appenzeller":[],"australian":["shepherd"],"basenji":[],"beagle":[],"bluetick":[],"borzoi":[],"bouvier":[],"boxer":[],"brabancon":[],"briard":[],"buhund":["norwegian"],"bulldog":["boston","english","french"],"bullterrier":["staffordshire"],"cattledog":["australian"],"chihuahua":[],"chow":[],"clumber":[],"cockapoo":[],"collie":["border"],"coonhound":[],"corgi":["cardigan"],"cotondetulear":[],"dachshund":[],"dalmatian":[],"dane":["great"],"deerhound":["scottish"],"dhole":[],"dingo":[],"doberman":[],"elkhound":["norwegian"],"entlebucher":[],"eskimo":[],"finnish":["lapphund"],"frise":["bichon"],"germanshepherd":[],"greyhound":["italian"],"groenendael":[],"havanese":[],"hound":["afghan","basset","blood","english","ibizan","plott","walker"],"husky":[],"keeshond":[],"kelpie":[],"komondor":[],"kuvasz":[],"labradoodle":[],"labrador":[],"leonberg":[],"lhasa":[],"malamute":[],"malinois":[],"maltese":[],"mastiff":["bull","english","tibetan"],"mexicanhairless":[],"mix":[],"mountain":["bernese","swiss"],"newfoundland":[],"otterhound":[],"ovcharka":["caucasian"],"papillon":[],"pekinese":[],"pembroke":[],"pinscher":["miniature"],"pitbull":[],"pointer":["german","germanlonghair"],"pomeranian":[],"poodle":["miniature","standard","toy"],"pug":[],"puggle":[],"pyrenees":[],"redbone":[],"retriever":["chesapeake","curly","flatcoated","golden"],"ridgeback":["rhodesian"],"rottweiler":[],"saluki":[],"samoyed":[],"schipperke":[],"schnauzer":["giant","miniature"],"setter":["english","gordon","irish"],"sheepdog":["english","shetland"],"shiba":[],"shihtzu":[],"spaniel":["blenheim","brittany","cocker","irish","japanese","sussex","welsh"],"springer":["english"],"stbernard":[],"terrier":["american","australian","bedlington","border","cairn","dandie","fox","irish","kerryblue","lakeland","norfolk","norwich","patterdale","russell","scottish","sealyham","silky","tibetan","toy","westhighland","wheaten","yorkshire"],"vizsla":[],"waterdog":["spanish"],"weimaraner":[],"whippet":[],"wolfhound":["irish"]},"status":"success"} 
 </msg>
<msg timestamp="20210903 18:45:37.648" level="INFO">c:\users\user\appdata\local\programs\python\python39\lib\site-packages\urllib3\connectionpool.py:1013: InsecureRequestWarning: Unverified HTTPS request is being made to host 'dog.ceo'. Adding certificate verification is strongly advised. See: https://urllib3.readthedocs.io/en/latest/advanced-usage.html#ssl-warnings
  warnings.warn(</msg>
<msg timestamp="20210903 18:45:37.649" level="INFO">${response} = &lt;Response [200]&gt;</msg>
<status status="PASS" starttime="20210903 18:45:37.264" endtime="20210903 18:45:37.649"></status>
</kw>
<kw name="Convert To String" library="BuiltIn">
<doc>Converts the given item to a Unicode string.</doc>
<arguments>
<arg>${response.content}</arg>
</arguments>
<assign>
<var>${breeds}</var>
</assign>
<msg timestamp="20210903 18:45:37.651" level="INFO">${breeds} = {"message":{"affenpinscher":[],"african":[],"airedale":[],"akita":[],"appenzeller":[],"australian":["shepherd"],"basenji":[],"beagle":[],"bluetick":[],"borzoi":[],"bouvier":[],"boxer":[],"brabancon":[...</msg>
<status status="PASS" starttime="20210903 18:45:37.650" endtime="20210903 18:45:37.651"></status>
</kw>
<kw name="Should Not Contain" library="BuiltIn">
<doc>Fails if ``container`` contains ``item`` one or more times.</doc>
<arguments>
<arg>${breeds}</arg>
<arg>retriver</arg>
</arguments>
<status status="PASS" starttime="20210903 18:45:37.651" endtime="20210903 18:45:37.652"></status>
</kw>
<status status="PASS" starttime="20210903 18:45:37.262" endtime="20210903 18:45:37.652" critical="yes"></status>
</test>
<status status="PASS" starttime="20210903 18:45:37.257" endtime="20210903 18:45:37.654"></status>
</suite>
<suite id="s1-s3" name="TC3 Sub Breeds" source="C:\Projects\RobotAPIAutomation\TestCases\TC3_Sub_Breeds.robot">
<test id="s1-s3-t1" name="TC3_Sub_Breeds_Retriever">
<kw name="Start the session" library="Resource">
<kw name="Create Session" library="RequestsLibrary">
<doc>Create Session: create a HTTP session to a server</doc>
<arguments>
<arg>myssion</arg>
<arg>${base_url}</arg>
</arguments>
<msg timestamp="20210903 18:45:37.662" level="INFO">Creating Session using : alias=myssion, url=https://dog.ceo/, headers={},                     cookies={}, auth=None, timeout=None, proxies=None, verify=False,                     debug=0 </msg>
<status status="PASS" starttime="20210903 18:45:37.661" endtime="20210903 18:45:37.662"></status>
</kw>
<status status="PASS" starttime="20210903 18:45:37.661" endtime="20210903 18:45:37.662"></status>
</kw>
<kw name="Get On Session" library="RequestsLibrary">
<doc>Sends a GET request on a previously created HTTP Session.</doc>
<arguments>
<arg>myssion</arg>
<arg>${dog-api}</arg>
</arguments>
<assign>
<var>${response}</var>
</assign>
<msg timestamp="20210903 18:45:37.875" level="INFO">GET Request : url=https://dog.ceo/api/breed/retriever/list 
 path_url=/api/breed/retriever/list 
 headers={'User-Agent': 'python-requests/2.26.0', 'Accept-Encoding': 'gzip, deflate', 'Accept': '*/*', 'Connection': 'keep-alive'} 
 body=None 
 </msg>
<msg timestamp="20210903 18:45:37.875" level="INFO">GET Response : url=https://dog.ceo/api/breed/retriever/list 
 status=200, reason=OK 
 headers={'Date': 'Fri, 03 Sep 2021 16:45:37 GMT', 'Content-Type': 'application/json', 'Transfer-Encoding': 'chunked', 'Connection': 'keep-alive', 'x-powered-by': 'PHP/7.3.17', 'access-control-allow-origin': '*', 'via': '1.1 varnish (Varnish/6.3), 1.1 varnish (Varnish/6.3)', 'cache-control': 'max-age=1800', 'x-cache-age': '12854', 'x-cache-hits': '5', 'x-cache': 'HIT', 'age': '0', 'vary': '', 'CF-Cache-Status': 'DYNAMIC', 'Expect-CT': 'max-age=604800, report-uri="https://report-uri.cloudflare.com/cdn-cgi/beacon/expect-ct"', 'Report-To': '{"endpoints":[{"url":"https:\\/\\/a.nel.cloudflare.com\\/report\\/v3?s=0fl7LhnEc%2BEH%2BPWjclQ%2FitvN6KOZx02qwPvyre7YQB9pr%2BX5ItuqijvNbmMXuyTQfKOdBupZR%2BG6wFNbUCxs3SfmgbK7mjsKVK3ZeIgAvbGmU2ms0TyTq6sc"}],"group":"cf-nel","max_age":604800}', 'NEL': '{"success_fraction":0,"report_to":"cf-nel","max_age":604800}', 'Server': 'cloudflare', 'CF-RAY': '68907316599d4fca-JNB', 'Content-Encoding': 'gzip', 'alt-svc': 'h3-27=":443"; ma=86400, h3-28=":443"; ma=86400, h3-29=":443"; ma=86400, h3=":443"; ma=86400'} 
 body={"message":["chesapeake","curly","flatcoated","golden"],"status":"success"} 
 </msg>
<msg timestamp="20210903 18:45:37.875" level="INFO">c:\users\user\appdata\local\programs\python\python39\lib\site-packages\urllib3\connectionpool.py:1013: InsecureRequestWarning: Unverified HTTPS request is being made to host 'dog.ceo'. Adding certificate verification is strongly advised. See: https://urllib3.readthedocs.io/en/latest/advanced-usage.html#ssl-warnings
  warnings.warn(</msg>
<msg timestamp="20210903 18:45:37.876" level="INFO">${response} = &lt;Response [200]&gt;</msg>
<status status="PASS" starttime="20210903 18:45:37.664" endtime="20210903 18:45:37.876"></status>
</kw>
<kw name="Log To Console" library="BuiltIn">
<doc>Logs the given message to the console.</doc>
<arguments>
<arg>${response.status_code}</arg>
</arguments>
<status status="PASS" starttime="20210903 18:45:37.877" endtime="20210903 18:45:37.878"></status>
</kw>
<kw name="Log To Console" library="BuiltIn">
<doc>Logs the given message to the console.</doc>
<arguments>
<arg>${response.content}</arg>
</arguments>
<status status="PASS" starttime="20210903 18:45:37.879" endtime="20210903 18:45:37.880"></status>
</kw>
<status status="PASS" starttime="20210903 18:45:37.661" endtime="20210903 18:45:37.881" critical="yes"></status>
</test>
<status status="PASS" starttime="20210903 18:45:37.656" endtime="20210903 18:45:37.883"></status>
</suite>
<suite id="s1-s4" name="TC4 Random Image" source="C:\Projects\RobotAPIAutomation\TestCases\TC4_Random_Image.robot">
<test id="s1-s4-t1" name="TC4_Random_Image">
<kw name="Start the session" library="Resource">
<kw name="Create Session" library="RequestsLibrary">
<doc>Create Session: create a HTTP session to a server</doc>
<arguments>
<arg>myssion</arg>
<arg>${base_url}</arg>
</arguments>
<msg timestamp="20210903 18:45:37.892" level="INFO">Creating Session using : alias=myssion, url=https://dog.ceo/, headers={},                     cookies={}, auth=None, timeout=None, proxies=None, verify=False,                     debug=0 </msg>
<status status="PASS" starttime="20210903 18:45:37.892" endtime="20210903 18:45:37.892"></status>
</kw>
<status status="PASS" starttime="20210903 18:45:37.891" endtime="20210903 18:45:37.892"></status>
</kw>
<kw name="Get On Session" library="RequestsLibrary">
<doc>Sends a GET request on a previously created HTTP Session.</doc>
<arguments>
<arg>myssion</arg>
<arg>${dog-api}</arg>
</arguments>
<assign>
<var>${response}</var>
</assign>
<msg timestamp="20210903 18:45:38.644" level="INFO">GET Request : url=https://dog.ceo/api/breed/retriever/golden/images/random/ (redirected) 
 path_url=/api/breed/retriever/golden/images/random/ 
 headers={'User-Agent': 'python-requests/2.26.0', 'Accept-Encoding': 'gzip, deflate', 'Accept': '*/*', 'Connection': 'keep-alive'} 
 body=None 
 </msg>
<msg timestamp="20210903 18:45:38.644" level="INFO">GET Response : url=https://dog.ceo/api/breed/retriever/golden/images/random 
 status=200, reason=OK 
 headers={'Date': 'Fri, 03 Sep 2021 16:45:38 GMT', 'Content-Type': 'application/json', 'Transfer-Encoding': 'chunked', 'Connection': 'keep-alive', 'x-powered-by': 'PHP/7.3.17', 'cache-control': 'no-cache, private', 'access-control-allow-origin': '*', 'via': '1.1 varnish (Varnish/6.3), 1.1 varnish (Varnish/6.3)', 'x-cache-hits': '0', 'x-cache': 'MISS', 'age': '0', 'vary': '', 'CF-Cache-Status': 'DYNAMIC', 'Expect-CT': 'max-age=604800, report-uri="https://report-uri.cloudflare.com/cdn-cgi/beacon/expect-ct"', 'Report-To': '{"endpoints":[{"url":"https:\\/\\/a.nel.cloudflare.com\\/report\\/v3?s=Tknm%2BqBfR8aPZwUw%2FZ0G20t%2Fw1FZOCEWlegHpGlbcqaIVMeAa%2B4M%2BHqJoLFI0wDwOGfKtdl0QOtUSoGU4vWYT4CY66vbyfixtTzFB7BgStSTIaZOdi%2BH4bqL"}],"group":"cf-nel","max_age":604800}', 'NEL': '{"success_fraction":0,"report_to":"cf-nel","max_age":604800}', 'Server': 'cloudflare', 'CF-RAY': '6890731a4c624f8d-JNB', 'Content-Encoding': 'gzip', 'alt-svc': 'h3-27=":443"; ma=86400, h3-28=":443"; ma=86400, h3-29=":443"; ma=86400, h3=":443"; ma=86400'} 
 body={"message":"https:\/\/images.dog.ceo\/breeds\/retriever-golden\/leo_small.jpg","status":"success"} 
 </msg>
<msg timestamp="20210903 18:45:38.644" level="INFO">c:\users\user\appdata\local\programs\python\python39\lib\site-packages\urllib3\connectionpool.py:1013: InsecureRequestWarning: Unverified HTTPS request is being made to host 'dog.ceo'. Adding certificate verification is strongly advised. See: https://urllib3.readthedocs.io/en/latest/advanced-usage.html#ssl-warnings
  warnings.warn(
c:\users\user\appdata\local\programs\python\python39\lib\site-packages\urllib3\connectionpool.py:1013: InsecureRequestWarning: Unverified HTTPS request is being made to host 'dog.ceo'. Adding certificate verification is strongly advised. See: https://urllib3.readthedocs.io/en/latest/advanced-usage.html#ssl-warnings
  warnings.warn(</msg>
<msg timestamp="20210903 18:45:38.645" level="INFO">${response} = &lt;Response [200]&gt;</msg>
<status status="PASS" starttime="20210903 18:45:37.893" endtime="20210903 18:45:38.645"></status>
</kw>
<kw name="Log To Console" library="BuiltIn">
<doc>Logs the given message to the console.</doc>
<arguments>
<arg>${response.status_code}</arg>
</arguments>
<status status="PASS" starttime="20210903 18:45:38.647" endtime="20210903 18:45:38.648"></status>
</kw>
<kw name="Log To Console" library="BuiltIn">
<doc>Logs the given message to the console.</doc>
<arguments>
<arg>${response.content}</arg>
</arguments>
<status status="PASS" starttime="20210903 18:45:38.649" endtime="20210903 18:45:38.650"></status>
</kw>
<status status="PASS" starttime="20210903 18:45:37.891" endtime="20210903 18:45:38.650" critical="yes"></status>
</test>
<status status="PASS" starttime="20210903 18:45:37.885" endtime="20210903 18:45:38.652"></status>
</suite>
<status status="PASS" starttime="20210903 18:45:36.754" endtime="20210903 18:45:38.657"></status>
</suite>
<statistics>
<total>
<stat pass="4" fail="0">Critical Tests</stat>
<stat pass="4" fail="0">All Tests</stat>
</total>
<tag>
</tag>
<suite>
<stat pass="4" fail="0" id="s1" name="TC1 Get All Breeds &amp; TC2 Verify Retriver &amp; TC3 Sub Breeds &amp; TC4 Random Image">TC1 Get All Breeds &amp; TC2 Verify Retriver &amp; TC3 Sub Breeds &amp; TC4 Random Image</stat>
<stat pass="1" fail="0" id="s1-s1" name="TC1 Get All Breeds">TC1 Get All Breeds &amp; TC2 Verify Retriver &amp; TC3 Sub Breeds &amp; TC4 Random Image.TC1 Get All Breeds</stat>
<stat pass="1" fail="0" id="s1-s2" name="TC2 Verify Retriver">TC1 Get All Breeds &amp; TC2 Verify Retriver &amp; TC3 Sub Breeds &amp; TC4 Random Image.TC2 Verify Retriver</stat>
<stat pass="1" fail="0" id="s1-s3" name="TC3 Sub Breeds">TC1 Get All Breeds &amp; TC2 Verify Retriver &amp; TC3 Sub Breeds &amp; TC4 Random Image.TC3 Sub Breeds</stat>
<stat pass="1" fail="0" id="s1-s4" name="TC4 Random Image">TC1 Get All Breeds &amp; TC2 Verify Retriver &amp; TC3 Sub Breeds &amp; TC4 Random Image.TC4 Random Image</stat>
</suite>
</statistics>
<errors>
</errors>
</robot>
